2016-05-17 14:16:09,476 [Thread-14:140194292422400] [blog.views:53] [views:archive] [ERROR]- unsupported operand type(s) for +: 'NoneType' and 'str'
2016-05-17 14:16:36,103 [Thread-2:140322267625216] [blog.views:53] [views:archive] [ERROR]- unsupported operand type(s) for +: 'NoneType' and 'str'
2016-05-17 14:16:40,352 [Thread-12:140322234054400] [blog.views:53] [views:archive] [ERROR]- unsupported operand type(s) for +: 'NoneType' and 'str'
2016-05-17 14:22:01,901 [Thread-12:140589697849088] [blog.views:64] [views:archive] [ERROR]- unsupported operand type(s) for +: 'NoneType' and 'str'
2016-05-17 14:23:28,373 [Thread-2:139882478884608] [blog.views:65] [views:archive] [ERROR]- unsupported operand type(s) for +: 'NoneType' and 'str'
2016-05-17 14:23:49,444 [Thread-5:139882478884608] [blog.views:65] [views:archive] [ERROR]- unsupported operand type(s) for +: 'NoneType' and 'str'
2016-05-17 14:23:55,278 [Thread-9:139882478884608] [blog.views:65] [views:archive] [ERROR]- unsupported operand type(s) for +: 'NoneType' and 'str'
2016-05-17 14:26:32,440 [Thread-2:140485783488256] [blog.views:65] [views:archive] [ERROR]- unsupported operand type(s) for +: 'NoneType' and 'str'
2016-05-17 14:26:36,354 [Thread-4:140485783488256] [blog.views:65] [views:archive] [ERROR]- unsupported operand type(s) for +: 'NoneType' and 'str'
2016-05-17 14:29:21,143 [Thread-6:139889653405440] [blog.views:65] [views:archive] [ERROR]- unsupported operand type(s) for +: 'NoneType' and 'str'
2016-05-17 14:34:27,190 [Thread-2:140175876790016] [blog.views:63] [views:archive] [ERROR]- unsupported operand type(s) for +: 'NoneType' and 'str'
2016-05-17 14:40:52,803 [Thread-6:140225581938432] [blog.views:64] [views:archive] [ERROR]- unsupported operand type(s) for +: 'NoneType' and 'str'
2016-05-17 14:45:10,097 [Thread-2:140537790146304] [blog.views:38] [views:index] [ERROR]- getPage() missing 1 required positional argument: 'article_list'
2016-05-17 14:45:49,180 [Thread-2:139814863087360] [blog.views:38] [views:index] [ERROR]- 'QuerySet' object has no attribute 'GET'
2016-05-17 14:45:54,565 [Thread-12:139814854694656] [blog.views:51] [views:archive] [ERROR]- 'QuerySet' object has no attribute 'GET'
2016-05-17 14:53:41,206 [Thread-30:140495654586112] [blog.views:51] [views:archive] [ERROR]- unsupported operand type(s) for +: 'NoneType' and 'str'
2016-05-17 14:56:44,353 [Thread-48:140495679502080] [blog.views:51] [views:archive] [ERROR]- unsupported operand type(s) for +: 'NoneType' and 'str'
2016-05-17 15:04:59,889 [Thread-94:140495637276416] [blog.views:51] [views:archive] [ERROR]- unsupported operand type(s) for +: 'NoneType' and 'str'
2016-05-18 03:54:36,278 [Thread-2:140558548862720] [blog.views:94] [views:get_article] [ERROR]- name 'CommentForm' is not defined
2016-05-18 04:19:17,530 [Thread-41:140330214582016] [blog.views:121] [views:comment_post] [ERROR]- invalid literal for int() with base 10: '<built-in function id>'
2016-05-18 04:19:39,558 [Thread-44:140330214582016] [blog.views:121] [views:comment_post] [ERROR]- invalid literal for int() with base 10: '<built-in function id>'
2016-05-18 04:25:13,756 [Thread-98:140330222974720] [blog.views:121] [views:comment_post] [ERROR]- invalid literal for int() with base 10: '<built-in function id>'
2016-05-18 04:35:26,059 [Thread-153:140330238973696] [blog.views:121] [views:comment_post] [ERROR]- invalid literal for int() with base 10: '<built-in function id>'
2016-05-18 04:35:45,047 [Thread-156:140330238973696] [blog.views:121] [views:comment_post] [ERROR]- invalid literal for int() with base 10: '<built-in function id>'
2016-05-18 04:37:04,037 [Thread-168:140329869113088] [blog.views:121] [views:comment_post] [ERROR]- invalid literal for int() with base 10: '<built-in function id>'
2016-05-18 04:40:01,543 [Thread-20:139918609331968] [blog.views:122] [views:comment_post] [ERROR]- invalid literal for int() with base 10: '<built-in function id>'
2016-05-18 07:54:17,747 [Thread-66:140435256645376] [blog.views:72] [views:catalog] [ERROR]- Catalog matching query does not exist.
2016-05-18 07:54:27,032 [Thread-68:140435256645376] [blog.views:72] [views:catalog] [ERROR]- Catalog matching query does not exist.
2016-05-18 07:59:05,922 [Thread-4:140436402202368] [blog.views:70] [views:catalog] [ERROR]- Catalog matching query does not exist.
2016-05-18 07:59:40,027 [Thread-20:140436402202368] [blog.views:70] [views:catalog] [ERROR]- Catalog matching query does not exist.
2016-05-18 07:59:46,363 [Thread-22:140436402202368] [blog.views:70] [views:catalog] [ERROR]- Catalog matching query does not exist.
2016-05-18 08:02:33,956 [Thread-39:140436384630528] [blog.views:70] [views:catalog] [ERROR]- Catalog matching query does not exist.
